<?xml version="1.0" encoding="UTF-8"?>
<!-- Generated by org.testng.reporters.JUnitReportReporter -->
<testsuite hostname="Geetikas-MacBook-Air.local" name="com.RAFDataflow.AutomationMAVEN.FriendData" tests="1" failures="0" timestamp="17 Mar 2020 14:05:16 GMT" time="4.392" errors="0">
  <testcase name="test" time="4.392" classname="com.RAFDataflow.AutomationMAVEN.FriendData"/>
</testsuite> <!-- com.RAFDataflow.AutomationMAVEN.FriendData -->
