<?xml version="1.0" encoding="UTF-8"?>
<!-- Generated by org.testng.reporters.JUnitReportReporter -->
<testsuite hostname="Geetikas-MacBook-Air.local" name="com.RAFDataflow.AutomationMAVEN.ReferaFriendDataflow" tests="1" failures="0" timestamp="17 Mar 2020 14:05:16 GMT" time="5.964" errors="0">
  <testcase name="test" time="5.964" classname="com.RAFDataflow.AutomationMAVEN.ReferaFriendDataflow"/>
</testsuite> <!-- com.RAFDataflow.AutomationMAVEN.ReferaFriendDataflow -->
